2026-05-21T21:29:37.424+05:30  INFO 1084 --- [fridge-manager-api] [restartedMain] c.fridgeapp.FridgeManagerApiApplication  : Starting FridgeManagerApiApplication using Java 21.0.11 with PID 1084 (D:\Study\Projects\Fridge_Management\fridge-manager-api\build\classes\java\main started by HARSH in D:\Study\Projects\Fridge_Management\fridge-manager-api)
2026-05-21T21:29:37.432+05:30 DEBUG 1084 --- [fridge-manager-api] [restartedMain] c.fridgeapp.FridgeManagerApiApplication  : Running with Spring Boot v4.0.6, Spring v7.0.7
2026-05-21T21:29:37.433+05:30  INFO 1084 --- [fridge-manager-api] [restartedMain] c.fridgeapp.FridgeManagerApiApplication  : No active profile set, falling back to 1 default profile: "default"
2026-05-21T21:29:37.505+05:30  INFO 1084 --- [fridge-manager-api] [restartedMain] .e.DevToolsPropertyDefaultsPostProcessor : Devtools property defaults active! Set 'spring.devtools.add-properties' to 'false' to disable
2026-05-21T21:29:37.506+05:30  INFO 1084 --- [fridge-manager-api] [restartedMain] .e.DevToolsPropertyDefaultsPostProcessor : For additional web related logging consider setting the 'logging.level.web' property to 'DEBUG'
2026-05-21T21:29:38.288+05:30  INFO 1084 --- [fridge-manager-api] [restartedMain] .s.d.r.c.RepositoryConfigurationDelegate : Bootstrapping Spring Data JPA repositories in DEFAULT mode.
2026-05-21T21:29:38.357+05:30  INFO 1084 --- [fridge-manager-api] [restartedMain] .s.d.r.c.RepositoryConfigurationDelegate : Finished Spring Data repository scanning in 57 ms. Found 2 JPA repository interfaces.
2026-05-21T21:29:38.997+05:30  INFO 1084 --- [fridge-manager-api] [restartedMain] o.s.boot.tomcat.TomcatWebServer          : Tomcat initialized with port 8090 (http)
2026-05-21T21:29:39.014+05:30  INFO 1084 --- [fridge-manager-api] [restartedMain] o.apache.catalina.core.StandardService   : Starting service [Tomcat]
2026-05-21T21:29:39.014+05:30  INFO 1084 --- [fridge-manager-api] [restartedMain] o.apache.catalina.core.StandardEngine    : Starting Servlet engine: [Apache Tomcat/11.0.21]
2026-05-21T21:29:39.075+05:30  INFO 1084 --- [fridge-manager-api] [restartedMain] b.w.c.s.WebApplicationContextInitializer : Root WebApplicationContext: initialization completed in 1569 ms
2026-05-21T21:29:39.308+05:30  INFO 1084 --- [fridge-manager-api] [restartedMain] org.hibernate.orm.jpa                    : HHH008540: Processing PersistenceUnitInfo [name: default]
2026-05-21T21:29:39.374+05:30  INFO 1084 --- [fridge-manager-api] [restartedMain] org.hibernate.orm.core                   : HHH000001: Hibernate ORM core version 7.2.12.Final
2026-05-21T21:29:39.869+05:30  INFO 1084 --- [fridge-manager-api] [restartedMain] o.s.o.j.p.SpringPersistenceUnitInfo      : No LoadTimeWeaver setup: ignoring JPA class transformer
2026-05-21T21:29:39.899+05:30  INFO 1084 --- [fridge-manager-api] [restartedMain] com.zaxxer.hikari.HikariDataSource       : HikariPool-1 - Starting...
2026-05-21T21:29:40.099+05:30  INFO 1084 --- [fridge-manager-api] [restartedMain] com.zaxxer.hikari.pool.HikariPool        : HikariPool-1 - Added connection org.postgresql.jdbc.PgConnection@773bb452
2026-05-21T21:29:40.101+05:30  INFO 1084 --- [fridge-manager-api] [restartedMain] com.zaxxer.hikari.HikariDataSource       : HikariPool-1 - Start completed.
2026-05-21T21:29:40.132+05:30  WARN 1084 --- [fridge-manager-api] [restartedMain] org.hibernate.orm.deprecation            : HHH90000025: PostgreSQLDialect does not need to be specified explicitly using 'hibernate.dialect' (remove the property setting and it will be selected by default)
2026-05-21T21:29:40.161+05:30  INFO 1084 --- [fridge-manager-api] [restartedMain] org.hibernate.orm.connections.pooling    : HHH10001005: Database info:
	Database JDBC URL [jdbc:postgresql://localhost:5432/fridge_manager]
	Database driver: PostgreSQL JDBC Driver
	Database dialect: PostgreSQLDialect
	Database version: 16.1
	Default catalog/schema: fridge_manager/public
	Autocommit mode: undefined/unknown
	Isolation level: READ_COMMITTED [default READ_COMMITTED]
	JDBC fetch size: none
	Pool: DataSourceConnectionProvider
	Minimum pool size: undefined/unknown
	Maximum pool size: undefined/unknown
2026-05-21T21:29:41.201+05:30  INFO 1084 --- [fridge-manager-api] [restartedMain] org.hibernate.orm.core                   : HHH000489: No JTA platform available (set 'hibernate.transaction.jta.platform' to enable JTA platform integration)
2026-05-21T21:29:41.274+05:30  WARN 1084 --- [fridge-manager-api] [restartedMain] o.h.t.s.i.ExceptionHandlerLoggedImpl     : GenerationTarget encountered exception accepting command : Error executing DDL "
    create table food_items (
        id bigint generated by default as identity,
        category varchar(255) not null,
        created_by bigint references user(id) not null,
        description varchar(500),
        expiry_date date not null,
        image_url varchar(1000),
        item_name varchar(255) not null,
        location varchar(100),
        modified_by bigint references user(id),
        quantity numeric(10,2) not null,
        storage_date date not null,
        unit varchar(50),
        primary key (id)
    )" via JDBC [ERROR: syntax error at or near "user"
  Position: 165]

org.hibernate.tool.schema.spi.CommandAcceptanceException: Error executing DDL "
    create table food_items (
        id bigint generated by default as identity,
        category varchar(255) not null,
        created_by bigint references user(id) not null,
        description varchar(500),
        expiry_date date not null,
        image_url varchar(1000),
        item_name varchar(255) not null,
        location varchar(100),
        modified_by bigint references user(id),
        quantity numeric(10,2) not null,
        storage_date date not null,
        unit varchar(50),
        primary key (id)
    )" via JDBC [ERROR: syntax error at or near "user"
  Position: 165]
	at org.hibernate.tool.schema.internal.exec.GenerationTargetToDatabase.accept(GenerationTargetToDatabase.java:81) ~[hibernate-core-7.2.12.Final.jar:7.2.12.Final]
	at org.hibernate.tool.schema.internal.AbstractSchemaMigrator.applySqlString(AbstractSchemaMigrator.java:566) ~[hibernate-core-7.2.12.Final.jar:7.2.12.Final]
	at org.hibernate.tool.schema.internal.AbstractSchemaMigrator.applySqlStrings(AbstractSchemaMigrator.java:506) ~[hibernate-core-7.2.12.Final.jar:7.2.12.Final]
	at org.hibernate.tool.schema.internal.AbstractSchemaMigrator.createTable(AbstractSchemaMigrator.java:305) ~[hibernate-core-7.2.12.Final.jar:7.2.12.Final]
	at org.hibernate.tool.schema.internal.GroupedSchemaMigratorImpl.performTablesMigration(GroupedSchemaMigratorImpl.java:80) ~[hibernate-core-7.2.12.Final.jar:7.2.12.Final]
	at org.hibernate.tool.schema.internal.AbstractSchemaMigrator.performMigration(AbstractSchemaMigrator.java:220) ~[hibernate-core-7.2.12.Final.jar:7.2.12.Final]
	at org.hibernate.tool.schema.internal.AbstractSchemaMigrator.doMigration(AbstractSchemaMigrator.java:96) ~[hibernate-core-7.2.12.Final.jar:7.2.12.Final]
	at org.hibernate.tool.schema.spi.SchemaManagementToolCoordinator.performDatabaseAction(SchemaManagementToolCoordinator.java:269) ~[hibernate-core-7.2.12.Final.jar:7.2.12.Final]
	at org.hibernate.tool.schema.spi.SchemaManagementToolCoordinator.lambda$process$1(SchemaManagementToolCoordinator.java:101) ~[hibernate-core-7.2.12.Final.jar:7.2.12.Final]
	at java.base/java.util.HashMap.forEach(HashMap.java:1429) ~[na:na]
	at org.hibernate.tool.schema.spi.SchemaManagementToolCoordinator.process(SchemaManagementToolCoordinator.java:100) ~[hibernate-core-7.2.12.Final.jar:7.2.12.Final]
	at org.hibernate.boot.internal.SessionFactoryObserverForSchemaExport.sessionFactoryCreated(SessionFactoryObserverForSchemaExport.java:35) ~[hibernate-core-7.2.12.Final.jar:7.2.12.Final]
	at org.hibernate.internal.SessionFactoryObserverChain.sessionFactoryCreated(SessionFactoryObserverChain.java:33) ~[hibernate-core-7.2.12.Final.jar:7.2.12.Final]
	at org.hibernate.internal.SessionFactoryImpl.<init>(SessionFactoryImpl.java:323) ~[hibernate-core-7.2.12.Final.jar:7.2.12.Final]
	at org.hibernate.internal.SessionFactoryRegistry.instantiateSessionFactory(SessionFactoryRegistry.java:64) ~[hibernate-core-7.2.12.Final.jar:7.2.12.Final]
	at org.hibernate.boot.internal.SessionFactoryBuilderImpl.build(SessionFactoryBuilderImpl.java:437) ~[hibernate-core-7.2.12.Final.jar:7.2.12.Final]
	at org.hibernate.jpa.boot.internal.EntityManagerFactoryBuilderImpl.build(EntityManagerFactoryBuilderImpl.java:1456) ~[hibernate-core-7.2.12.Final.jar:7.2.12.Final]
	at org.springframework.orm.jpa.vendor.SpringHibernateJpaPersistenceProvider.createContainerEntityManagerFactory(SpringHibernateJpaPersistenceProvider.java:93) ~[spring-orm-7.0.7.jar:7.0.7]
	at org.springframework.orm.jpa.LocalContainerEntityManagerFactoryBean.createNativeEntityManagerFactory(LocalContainerEntityManagerFactoryBean.java:443) ~[spring-orm-7.0.7.jar:7.0.7]
	at org.springframework.orm.jpa.AbstractEntityManagerFactoryBean.buildNativeEntityManagerFactory(AbstractEntityManagerFactoryBean.java:436) ~[spring-orm-7.0.7.jar:7.0.7]
	at org.springframework.orm.jpa.AbstractEntityManagerFactoryBean.afterPropertiesSet(AbstractEntityManagerFactoryBean.java:411) ~[spring-orm-7.0.7.jar:7.0.7]
	at org.springframework.orm.jpa.LocalContainerEntityManagerFactoryBean.afterPropertiesSet(LocalContainerEntityManagerFactoryBean.java:419) ~[spring-orm-7.0.7.jar:7.0.7]
	at org.springframework.beans.factory.support.AbstractAutowireCapableBeanFactory.invokeInitMethods(AbstractAutowireCapableBeanFactory.java:1864) ~[spring-beans-7.0.7.jar:7.0.7]
	at org.springframework.beans.factory.support.AbstractAutowireCapableBeanFactory.initializeBean(AbstractAutowireCapableBeanFactory.java:1813) ~[spring-beans-7.0.7.jar:7.0.7]
	at org.springframework.beans.factory.support.AbstractAutowireCapableBeanFactory.doCreateBean(AbstractAutowireCapableBeanFactory.java:603) ~[spring-beans-7.0.7.jar:7.0.7]
	at org.springframework.beans.factory.support.AbstractAutowireCapableBeanFactory.createBean(AbstractAutowireCapableBeanFactory.java:525) ~[spring-beans-7.0.7.jar:7.0.7]
	at org.springframework.beans.factory.support.AbstractBeanFactory.lambda$doGetBean$0(AbstractBeanFactory.java:333) ~[spring-beans-7.0.7.jar:7.0.7]
	at org.springframework.beans.factory.support.DefaultSingletonBeanRegistry.getSingleton(DefaultSingletonBeanRegistry.java:371) ~[spring-beans-7.0.7.jar:7.0.7]
	at org.springframework.beans.factory.support.AbstractBeanFactory.doGetBean(AbstractBeanFactory.java:331) ~[spring-beans-7.0.7.jar:7.0.7]
	at org.springframework.beans.factory.support.AbstractBeanFactory.getBean(AbstractBeanFactory.java:201) ~[spring-beans-7.0.7.jar:7.0.7]
	at org.springframework.context.support.AbstractApplicationContext.finishBeanFactoryInitialization(AbstractApplicationContext.java:977) ~[spring-context-7.0.7.jar:7.0.7]
	at org.springframework.context.support.AbstractApplicationContext.refresh(AbstractApplicationContext.java:621) ~[spring-context-7.0.7.jar:7.0.7]
	at org.springframework.boot.web.server.servlet.context.ServletWebServerApplicationContext.refresh(ServletWebServerApplicationContext.java:143) ~[spring-boot-web-server-4.0.6.jar:4.0.6]
	at org.springframework.boot.SpringApplication.refresh(SpringApplication.java:756) ~[spring-boot-4.0.6.jar:4.0.6]
	at org.springframework.boot.SpringApplication.refreshContext(SpringApplication.java:445) ~[spring-boot-4.0.6.jar:4.0.6]
	at org.springframework.boot.SpringApplication.run(SpringApplication.java:321) ~[spring-boot-4.0.6.jar:4.0.6]
	at org.springframework.boot.SpringApplication.run(SpringApplication.java:1365) ~[spring-boot-4.0.6.jar:4.0.6]
	at org.springframework.boot.SpringApplication.run(SpringApplication.java:1354) ~[spring-boot-4.0.6.jar:4.0.6]
	at com.fridgeapp.FridgeManagerApiApplication.main(FridgeManagerApiApplication.java:10) ~[main/:na]
	at java.base/jdk.internal.reflect.DirectMethodHandleAccessor.invoke(DirectMethodHandleAccessor.java:103) ~[na:na]
	at java.base/java.lang.reflect.Method.invoke(Method.java:580) ~[na:na]
	at org.springframework.boot.devtools.restart.RestartLauncher.run(RestartLauncher.java:52) ~[spring-boot-devtools-4.0.6.jar:4.0.6]
Caused by: org.postgresql.util.PSQLException: ERROR: syntax error at or near "user"
  Position: 165
	at org.postgresql.core.v3.QueryExecutorImpl.receiveErrorResponse(QueryExecutorImpl.java:2875) ~[postgresql-42.7.10.jar:42.7.10]
	at org.postgresql.core.v3.QueryExecutorImpl.processResults(QueryExecutorImpl.java:2560) ~[postgresql-42.7.10.jar:42.7.10]
	at org.postgresql.core.v3.QueryExecutorImpl.execute(QueryExecutorImpl.java:429) ~[postgresql-42.7.10.jar:42.7.10]
	at org.postgresql.jdbc.PgStatement.executeInternal(PgStatement.java:526) ~[postgresql-42.7.10.jar:42.7.10]
	at org.postgresql.jdbc.PgStatement.execute(PgStatement.java:436) ~[postgresql-42.7.10.jar:42.7.10]
	at org.postgresql.jdbc.PgStatement.executeWithFlags(PgStatement.java:358) ~[postgresql-42.7.10.jar:42.7.10]
	at org.postgresql.jdbc.PgStatement.executeCachedSql(PgStatement.java:343) ~[postgresql-42.7.10.jar:42.7.10]
	at org.postgresql.jdbc.PgStatement.executeWithFlags(PgStatement.java:319) ~[postgresql-42.7.10.jar:42.7.10]
	at org.postgresql.jdbc.PgStatement.execute(PgStatement.java:314) ~[postgresql-42.7.10.jar:42.7.10]
	at com.zaxxer.hikari.pool.ProxyStatement.execute(ProxyStatement.java:95) ~[HikariCP-7.0.2.jar:na]
	at com.zaxxer.hikari.pool.HikariProxyStatement.execute(HikariProxyStatement.java) ~[HikariCP-7.0.2.jar:na]
	at org.hibernate.tool.schema.internal.exec.GenerationTargetToDatabase.accept(GenerationTargetToDatabase.java:76) ~[hibernate-core-7.2.12.Final.jar:7.2.12.Final]
	... 41 common frames omitted

2026-05-21T21:29:41.283+05:30  INFO 1084 --- [fridge-manager-api] [restartedMain] j.LocalContainerEntityManagerFactoryBean : Initialized JPA EntityManagerFactory for persistence unit 'default'
2026-05-21T21:29:41.372+05:30  INFO 1084 --- [fridge-manager-api] [restartedMain] o.s.d.j.r.query.QueryEnhancerFactories   : Hibernate is in classpath; If applicable, HQL parser will be used.
2026-05-21T21:29:41.640+05:30  WARN 1084 --- [fridge-manager-api] [restartedMain] JpaBaseConfiguration$JpaWebConfiguration : spring.jpa.open-in-view is enabled by default. Therefore, database queries may be performed during view rendering. Explicitly configure spring.jpa.open-in-view to disable this warning
2026-05-21T21:29:41.718+05:30  WARN 1084 --- [fridge-manager-api] [restartedMain] .s.a.UserDetailsServiceAutoConfiguration : 

Using generated security password: e6ef9bd5-8f11-4b1e-acdc-c139fa765eda

This generated password is for development use only. Your security configuration must be updated before running your application in production.

2026-05-21T21:29:41.726+05:30  INFO 1084 --- [fridge-manager-api] [restartedMain] r$InitializeUserDetailsManagerConfigurer : Global AuthenticationManager configured with UserDetailsService bean with name inMemoryUserDetailsManager
2026-05-21T21:29:41.841+05:30 DEBUG 1084 --- [fridge-manager-api] [restartedMain] o.s.s.web.DefaultSecurityFilterChain     : Will secure any request with filters: DisableEncodeUrlFilter, WebAsyncManagerIntegrationFilter, SecurityContextHolderFilter, HeaderWriterFilter, LogoutFilter, RequestCacheAwareFilter, SecurityContextHolderAwareRequestFilter, AnonymousAuthenticationFilter, ExceptionTranslationFilter, AuthorizationFilter
2026-05-21T21:29:41.970+05:30 DEBUG 1084 --- [fridge-manager-api] [restartedMain] s.w.s.m.m.a.RequestMappingHandlerMapping : 12 mappings in 'requestMappingHandlerMapping'
2026-05-21T21:29:42.006+05:30 DEBUG 1084 --- [fridge-manager-api] [restartedMain] o.s.w.s.handler.SimpleUrlHandlerMapping  : Patterns [/webjars/**, /**] in 'resourceHandlerMapping'
2026-05-21T21:29:42.044+05:30 DEBUG 1084 --- [fridge-manager-api] [restartedMain] s.w.s.m.m.a.RequestMappingHandlerAdapter : ControllerAdvice beans: 0 @ModelAttribute, 0 @InitBinder, 2 RequestBodyAdvice, 1 ResponseBodyAdvice
2026-05-21T21:29:42.090+05:30 DEBUG 1084 --- [fridge-manager-api] [restartedMain] .m.m.a.ExceptionHandlerExceptionResolver : ControllerAdvice beans: 0 @ExceptionHandler, 1 ResponseBodyAdvice
2026-05-21T21:29:42.216+05:30  INFO 1084 --- [fridge-manager-api] [restartedMain] o.s.boot.tomcat.TomcatWebServer          : Tomcat started on port 8090 (http) with context path '/'
2026-05-21T21:29:42.223+05:30  INFO 1084 --- [fridge-manager-api] [restartedMain] c.fridgeapp.FridgeManagerApiApplication  : Started FridgeManagerApiApplication in 5.302 seconds (process running for 5.903)
2026-05-21T21:30:02.372+05:30  INFO 24428 --- [fridge-manager-api] [restartedMain] c.fridgeapp.FridgeManagerApiApplication  : Starting FridgeManagerApiApplication using Java 21.0.11 with PID 24428 (D:\Study\Projects\Fridge_Management\fridge-manager-api\build\classes\java\main started by HARSH in D:\Study\Projects\Fridge_Management\fridge-manager-api)
2026-05-21T21:30:02.377+05:30 DEBUG 24428 --- [fridge-manager-api] [restartedMain] c.fridgeapp.FridgeManagerApiApplication  : Running with Spring Boot v4.0.6, Spring v7.0.7
2026-05-21T21:30:02.378+05:30  INFO 24428 --- [fridge-manager-api] [restartedMain] c.fridgeapp.FridgeManagerApiApplication  : No active profile set, falling back to 1 default profile: "default"
2026-05-21T21:30:02.444+05:30  INFO 24428 --- [fridge-manager-api] [restartedMain] .e.DevToolsPropertyDefaultsPostProcessor : Devtools property defaults active! Set 'spring.devtools.add-properties' to 'false' to disable
2026-05-21T21:30:02.445+05:30  INFO 24428 --- [fridge-manager-api] [restartedMain] .e.DevToolsPropertyDefaultsPostProcessor : For additional web related logging consider setting the 'logging.level.web' property to 'DEBUG'
2026-05-21T21:30:03.158+05:30  INFO 24428 --- [fridge-manager-api] [restartedMain] .s.d.r.c.RepositoryConfigurationDelegate : Bootstrapping Spring Data JPA repositories in DEFAULT mode.
2026-05-21T21:30:03.224+05:30  INFO 24428 --- [fridge-manager-api] [restartedMain] .s.d.r.c.RepositoryConfigurationDelegate : Finished Spring Data repository scanning in 53 ms. Found 2 JPA repository interfaces.
2026-05-21T21:30:03.873+05:30  INFO 24428 --- [fridge-manager-api] [restartedMain] o.s.boot.tomcat.TomcatWebServer          : Tomcat initialized with port 8090 (http)
2026-05-21T21:30:03.888+05:30  INFO 24428 --- [fridge-manager-api] [restartedMain] o.apache.catalina.core.StandardService   : Starting service [Tomcat]
2026-05-21T21:30:03.889+05:30  INFO 24428 --- [fridge-manager-api] [restartedMain] o.apache.catalina.core.StandardEngine    : Starting Servlet engine: [Apache Tomcat/11.0.21]
2026-05-21T21:30:03.946+05:30  INFO 24428 --- [fridge-manager-api] [restartedMain] b.w.c.s.WebApplicationContextInitializer : Root WebApplicationContext: initialization completed in 1499 ms
2026-05-21T21:30:04.162+05:30  INFO 24428 --- [fridge-manager-api] [restartedMain] org.hibernate.orm.jpa                    : HHH008540: Processing PersistenceUnitInfo [name: default]
2026-05-21T21:30:04.237+05:30  INFO 24428 --- [fridge-manager-api] [restartedMain] org.hibernate.orm.core                   : HHH000001: Hibernate ORM core version 7.2.12.Final
2026-05-21T21:30:04.718+05:30  INFO 24428 --- [fridge-manager-api] [restartedMain] o.s.o.j.p.SpringPersistenceUnitInfo      : No LoadTimeWeaver setup: ignoring JPA class transformer
2026-05-21T21:30:04.757+05:30  INFO 24428 --- [fridge-manager-api] [restartedMain] com.zaxxer.hikari.HikariDataSource       : HikariPool-1 - Starting...
2026-05-21T21:30:04.965+05:30  INFO 24428 --- [fridge-manager-api] [restartedMain] com.zaxxer.hikari.pool.HikariPool        : HikariPool-1 - Added connection org.postgresql.jdbc.PgConnection@663f37
2026-05-21T21:30:04.967+05:30  INFO 24428 --- [fridge-manager-api] [restartedMain] com.zaxxer.hikari.HikariDataSource       : HikariPool-1 - Start completed.
2026-05-21T21:30:05.002+05:30  WARN 24428 --- [fridge-manager-api] [restartedMain] org.hibernate.orm.deprecation            : HHH90000025: PostgreSQLDialect does not need to be specified explicitly using 'hibernate.dialect' (remove the property setting and it will be selected by default)
2026-05-21T21:30:05.027+05:30  INFO 24428 --- [fridge-manager-api] [restartedMain] org.hibernate.orm.connections.pooling    : HHH10001005: Database info:
	Database JDBC URL [jdbc:postgresql://localhost:5432/fridge_manager]
	Database driver: PostgreSQL JDBC Driver
	Database dialect: PostgreSQLDialect
	Database version: 16.1
	Default catalog/schema: fridge_manager/public
	Autocommit mode: undefined/unknown
	Isolation level: READ_COMMITTED [default READ_COMMITTED]
	JDBC fetch size: none
	Pool: DataSourceConnectionProvider
	Minimum pool size: undefined/unknown
	Maximum pool size: undefined/unknown
2026-05-21T21:30:05.957+05:30  INFO 24428 --- [fridge-manager-api] [restartedMain] org.hibernate.orm.core                   : HHH000489: No JTA platform available (set 'hibernate.transaction.jta.platform' to enable JTA platform integration)
2026-05-21T21:30:06.027+05:30  WARN 24428 --- [fridge-manager-api] [restartedMain] o.h.t.s.i.ExceptionHandlerLoggedImpl     : GenerationTarget encountered exception accepting command : Error executing DDL "
    create table food_items (
        id bigint generated by default as identity,
        category varchar(255) not null,
        created_by bigint references user(id) not null,
        description varchar(500),
        expiry_date date not null,
        image_url varchar(1000),
        item_name varchar(255) not null,
        location varchar(100),
        modified_by bigint references user(id),
        quantity numeric(10,2) not null,
        storage_date date not null,
        unit varchar(50),
        primary key (id)
    )" via JDBC [ERROR: syntax error at or near "user"
  Position: 165]

org.hibernate.tool.schema.spi.CommandAcceptanceException: Error executing DDL "
    create table food_items (
        id bigint generated by default as identity,
        category varchar(255) not null,
        created_by bigint references user(id) not null,
        description varchar(500),
        expiry_date date not null,
        image_url varchar(1000),
        item_name varchar(255) not null,
        location varchar(100),
        modified_by bigint references user(id),
        quantity numeric(10,2) not null,
        storage_date date not null,
        unit varchar(50),
        primary key (id)
    )" via JDBC [ERROR: syntax error at or near "user"
  Position: 165]
	at org.hibernate.tool.schema.internal.exec.GenerationTargetToDatabase.accept(GenerationTargetToDatabase.java:81) ~[hibernate-core-7.2.12.Final.jar:7.2.12.Final]
	at org.hibernate.tool.schema.internal.AbstractSchemaMigrator.applySqlString(AbstractSchemaMigrator.java:566) ~[hibernate-core-7.2.12.Final.jar:7.2.12.Final]
	at org.hibernate.tool.schema.internal.AbstractSchemaMigrator.applySqlStrings(AbstractSchemaMigrator.java:506) ~[hibernate-core-7.2.12.Final.jar:7.2.12.Final]
	at org.hibernate.tool.schema.internal.AbstractSchemaMigrator.createTable(AbstractSchemaMigrator.java:305) ~[hibernate-core-7.2.12.Final.jar:7.2.12.Final]
	at org.hibernate.tool.schema.internal.GroupedSchemaMigratorImpl.performTablesMigration(GroupedSchemaMigratorImpl.java:80) ~[hibernate-core-7.2.12.Final.jar:7.2.12.Final]
	at org.hibernate.tool.schema.internal.AbstractSchemaMigrator.performMigration(AbstractSchemaMigrator.java:220) ~[hibernate-core-7.2.12.Final.jar:7.2.12.Final]
	at org.hibernate.tool.schema.internal.AbstractSchemaMigrator.doMigration(AbstractSchemaMigrator.java:96) ~[hibernate-core-7.2.12.Final.jar:7.2.12.Final]
	at org.hibernate.tool.schema.spi.SchemaManagementToolCoordinator.performDatabaseAction(SchemaManagementToolCoordinator.java:269) ~[hibernate-core-7.2.12.Final.jar:7.2.12.Final]
	at org.hibernate.tool.schema.spi.SchemaManagementToolCoordinator.lambda$process$1(SchemaManagementToolCoordinator.java:101) ~[hibernate-core-7.2.12.Final.jar:7.2.12.Final]
	at java.base/java.util.HashMap.forEach(HashMap.java:1429) ~[na:na]
	at org.hibernate.tool.schema.spi.SchemaManagementToolCoordinator.process(SchemaManagementToolCoordinator.java:100) ~[hibernate-core-7.2.12.Final.jar:7.2.12.Final]
	at org.hibernate.boot.internal.SessionFactoryObserverForSchemaExport.sessionFactoryCreated(SessionFactoryObserverForSchemaExport.java:35) ~[hibernate-core-7.2.12.Final.jar:7.2.12.Final]
	at org.hibernate.internal.SessionFactoryObserverChain.sessionFactoryCreated(SessionFactoryObserverChain.java:33) ~[hibernate-core-7.2.12.Final.jar:7.2.12.Final]
	at org.hibernate.internal.SessionFactoryImpl.<init>(SessionFactoryImpl.java:323) ~[hibernate-core-7.2.12.Final.jar:7.2.12.Final]
	at org.hibernate.internal.SessionFactoryRegistry.instantiateSessionFactory(SessionFactoryRegistry.java:64) ~[hibernate-core-7.2.12.Final.jar:7.2.12.Final]
	at org.hibernate.boot.internal.SessionFactoryBuilderImpl.build(SessionFactoryBuilderImpl.java:437) ~[hibernate-core-7.2.12.Final.jar:7.2.12.Final]
	at org.hibernate.jpa.boot.internal.EntityManagerFactoryBuilderImpl.build(EntityManagerFactoryBuilderImpl.java:1456) ~[hibernate-core-7.2.12.Final.jar:7.2.12.Final]
	at org.springframework.orm.jpa.vendor.SpringHibernateJpaPersistenceProvider.createContainerEntityManagerFactory(SpringHibernateJpaPersistenceProvider.java:93) ~[spring-orm-7.0.7.jar:7.0.7]
	at org.springframework.orm.jpa.LocalContainerEntityManagerFactoryBean.createNativeEntityManagerFactory(LocalContainerEntityManagerFactoryBean.java:443) ~[spring-orm-7.0.7.jar:7.0.7]
	at org.springframework.orm.jpa.AbstractEntityManagerFactoryBean.buildNativeEntityManagerFactory(AbstractEntityManagerFactoryBean.java:436) ~[spring-orm-7.0.7.jar:7.0.7]
	at org.springframework.orm.jpa.AbstractEntityManagerFactoryBean.afterPropertiesSet(AbstractEntityManagerFactoryBean.java:411) ~[spring-orm-7.0.7.jar:7.0.7]
	at org.springframework.orm.jpa.LocalContainerEntityManagerFactoryBean.afterPropertiesSet(LocalContainerEntityManagerFactoryBean.java:419) ~[spring-orm-7.0.7.jar:7.0.7]
	at org.springframework.beans.factory.support.AbstractAutowireCapableBeanFactory.invokeInitMethods(AbstractAutowireCapableBeanFactory.java:1864) ~[spring-beans-7.0.7.jar:7.0.7]
	at org.springframework.beans.factory.support.AbstractAutowireCapableBeanFactory.initializeBean(AbstractAutowireCapableBeanFactory.java:1813) ~[spring-beans-7.0.7.jar:7.0.7]
	at org.springframework.beans.factory.support.AbstractAutowireCapableBeanFactory.doCreateBean(AbstractAutowireCapableBeanFactory.java:603) ~[spring-beans-7.0.7.jar:7.0.7]
	at org.springframework.beans.factory.support.AbstractAutowireCapableBeanFactory.createBean(AbstractAutowireCapableBeanFactory.java:525) ~[spring-beans-7.0.7.jar:7.0.7]
	at org.springframework.beans.factory.support.AbstractBeanFactory.lambda$doGetBean$0(AbstractBeanFactory.java:333) ~[spring-beans-7.0.7.jar:7.0.7]
	at org.springframework.beans.factory.support.DefaultSingletonBeanRegistry.getSingleton(DefaultSingletonBeanRegistry.java:371) ~[spring-beans-7.0.7.jar:7.0.7]
	at org.springframework.beans.factory.support.AbstractBeanFactory.doGetBean(AbstractBeanFactory.java:331) ~[spring-beans-7.0.7.jar:7.0.7]
	at org.springframework.beans.factory.support.AbstractBeanFactory.getBean(AbstractBeanFactory.java:201) ~[spring-beans-7.0.7.jar:7.0.7]
	at org.springframework.context.support.AbstractApplicationContext.finishBeanFactoryInitialization(AbstractApplicationContext.java:977) ~[spring-context-7.0.7.jar:7.0.7]
	at org.springframework.context.support.AbstractApplicationContext.refresh(AbstractApplicationContext.java:621) ~[spring-context-7.0.7.jar:7.0.7]
	at org.springframework.boot.web.server.servlet.context.ServletWebServerApplicationContext.refresh(ServletWebServerApplicationContext.java:143) ~[spring-boot-web-server-4.0.6.jar:4.0.6]
	at org.springframework.boot.SpringApplication.refresh(SpringApplication.java:756) ~[spring-boot-4.0.6.jar:4.0.6]
	at org.springframework.boot.SpringApplication.refreshContext(SpringApplication.java:445) ~[spring-boot-4.0.6.jar:4.0.6]
	at org.springframework.boot.SpringApplication.run(SpringApplication.java:321) ~[spring-boot-4.0.6.jar:4.0.6]
	at org.springframework.boot.SpringApplication.run(SpringApplication.java:1365) ~[spring-boot-4.0.6.jar:4.0.6]
	at org.springframework.boot.SpringApplication.run(SpringApplication.java:1354) ~[spring-boot-4.0.6.jar:4.0.6]
	at com.fridgeapp.FridgeManagerApiApplication.main(FridgeManagerApiApplication.java:10) ~[main/:na]
	at java.base/jdk.internal.reflect.DirectMethodHandleAccessor.invoke(DirectMethodHandleAccessor.java:103) ~[na:na]
	at java.base/java.lang.reflect.Method.invoke(Method.java:580) ~[na:na]
	at org.springframework.boot.devtools.restart.RestartLauncher.run(RestartLauncher.java:52) ~[spring-boot-devtools-4.0.6.jar:4.0.6]
Caused by: org.postgresql.util.PSQLException: ERROR: syntax error at or near "user"
  Position: 165
	at org.postgresql.core.v3.QueryExecutorImpl.receiveErrorResponse(QueryExecutorImpl.java:2875) ~[postgresql-42.7.10.jar:42.7.10]
	at org.postgresql.core.v3.QueryExecutorImpl.processResults(QueryExecutorImpl.java:2560) ~[postgresql-42.7.10.jar:42.7.10]
	at org.postgresql.core.v3.QueryExecutorImpl.execute(QueryExecutorImpl.java:429) ~[postgresql-42.7.10.jar:42.7.10]
	at org.postgresql.jdbc.PgStatement.executeInternal(PgStatement.java:526) ~[postgresql-42.7.10.jar:42.7.10]
	at org.postgresql.jdbc.PgStatement.execute(PgStatement.java:436) ~[postgresql-42.7.10.jar:42.7.10]
	at org.postgresql.jdbc.PgStatement.executeWithFlags(PgStatement.java:358) ~[postgresql-42.7.10.jar:42.7.10]
	at org.postgresql.jdbc.PgStatement.executeCachedSql(PgStatement.java:343) ~[postgresql-42.7.10.jar:42.7.10]
	at org.postgresql.jdbc.PgStatement.executeWithFlags(PgStatement.java:319) ~[postgresql-42.7.10.jar:42.7.10]
	at org.postgresql.jdbc.PgStatement.execute(PgStatement.java:314) ~[postgresql-42.7.10.jar:42.7.10]
	at com.zaxxer.hikari.pool.ProxyStatement.execute(ProxyStatement.java:95) ~[HikariCP-7.0.2.jar:na]
	at com.zaxxer.hikari.pool.HikariProxyStatement.execute(HikariProxyStatement.java) ~[HikariCP-7.0.2.jar:na]
	at org.hibernate.tool.schema.internal.exec.GenerationTargetToDatabase.accept(GenerationTargetToDatabase.java:76) ~[hibernate-core-7.2.12.Final.jar:7.2.12.Final]
	... 41 common frames omitted

2026-05-21T21:30:06.069+05:30  WARN 24428 --- [fridge-manager-api] [restartedMain] org.hibernate.orm.jdbc.warn              : HHH000247: ErrorCode: 0, SQLState: 00000
2026-05-21T21:30:06.070+05:30  WARN 24428 --- [fridge-manager-api] [restartedMain] org.hibernate.orm.jdbc.warn              : constraint "uk7s8w6qr9sbi9ylldy31c9yhfi" of relation "users" does not exist, skipping
2026-05-21T21:30:06.076+05:30  WARN 24428 --- [fridge-manager-api] [restartedMain] org.hibernate.orm.jdbc.warn              : HHH000247: ErrorCode: 0, SQLState: 00000
2026-05-21T21:30:06.077+05:30  WARN 24428 --- [fridge-manager-api] [restartedMain] org.hibernate.orm.jdbc.warn              : constraint "ukr43af9ap4edm43mmtq01oddj6" of relation "users" does not exist, skipping
2026-05-21T21:30:06.080+05:30  INFO 24428 --- [fridge-manager-api] [restartedMain] j.LocalContainerEntityManagerFactoryBean : Initialized JPA EntityManagerFactory for persistence unit 'default'
2026-05-21T21:30:06.151+05:30  INFO 24428 --- [fridge-manager-api] [restartedMain] o.s.d.j.r.query.QueryEnhancerFactories   : Hibernate is in classpath; If applicable, HQL parser will be used.
2026-05-21T21:30:06.388+05:30  WARN 24428 --- [fridge-manager-api] [restartedMain] JpaBaseConfiguration$JpaWebConfiguration : spring.jpa.open-in-view is enabled by default. Therefore, database queries may be performed during view rendering. Explicitly configure spring.jpa.open-in-view to disable this warning
2026-05-21T21:30:06.473+05:30  WARN 24428 --- [fridge-manager-api] [restartedMain] .s.a.UserDetailsServiceAutoConfiguration : 

Using generated security password: 237e6621-c1f5-4aad-9381-694bf96bdb8a

This generated password is for development use only. Your security configuration must be updated before running your application in production.

2026-05-21T21:30:06.482+05:30  INFO 24428 --- [fridge-manager-api] [restartedMain] r$InitializeUserDetailsManagerConfigurer : Global AuthenticationManager configured with UserDetailsService bean with name inMemoryUserDetailsManager
2026-05-21T21:30:06.599+05:30 DEBUG 24428 --- [fridge-manager-api] [restartedMain] o.s.s.web.DefaultSecurityFilterChain     : Will secure any request with filters: DisableEncodeUrlFilter, WebAsyncManagerIntegrationFilter, SecurityContextHolderFilter, HeaderWriterFilter, LogoutFilter, RequestCacheAwareFilter, SecurityContextHolderAwareRequestFilter, AnonymousAuthenticationFilter, ExceptionTranslationFilter, AuthorizationFilter
2026-05-21T21:30:06.713+05:30 DEBUG 24428 --- [fridge-manager-api] [restartedMain] s.w.s.m.m.a.RequestMappingHandlerMapping : 12 mappings in 'requestMappingHandlerMapping'
2026-05-21T21:30:06.745+05:30 DEBUG 24428 --- [fridge-manager-api] [restartedMain] o.s.w.s.handler.SimpleUrlHandlerMapping  : Patterns [/webjars/**, /**] in 'resourceHandlerMapping'
2026-05-21T21:30:06.786+05:30 DEBUG 24428 --- [fridge-manager-api] [restartedMain] s.w.s.m.m.a.RequestMappingHandlerAdapter : ControllerAdvice beans: 0 @ModelAttribute, 0 @InitBinder, 2 RequestBodyAdvice, 1 ResponseBodyAdvice
2026-05-21T21:30:06.824+05:30 DEBUG 24428 --- [fridge-manager-api] [restartedMain] .m.m.a.ExceptionHandlerExceptionResolver : ControllerAdvice beans: 0 @ExceptionHandler, 1 ResponseBodyAdvice
2026-05-21T21:30:06.943+05:30  INFO 24428 --- [fridge-manager-api] [restartedMain] o.s.boot.tomcat.TomcatWebServer          : Tomcat started on port 8090 (http) with context path '/'
2026-05-21T21:30:06.950+05:30  INFO 24428 --- [fridge-manager-api] [restartedMain] c.fridgeapp.FridgeManagerApiApplication  : Started FridgeManagerApiApplication in 5.087 seconds (process running for 5.714)
2026-05-21T21:32:32.752+05:30  INFO 31964 --- [fridge-manager-api] [restartedMain] c.fridgeapp.FridgeManagerApiApplication  : Starting FridgeManagerApiApplication using Java 21.0.11 with PID 31964 (D:\Study\Projects\Fridge_Management\fridge-manager-api\build\classes\java\main started by HARSH in D:\Study\Projects\Fridge_Management\fridge-manager-api)
2026-05-21T21:32:32.759+05:30 DEBUG 31964 --- [fridge-manager-api] [restartedMain] c.fridgeapp.FridgeManagerApiApplication  : Running with Spring Boot v4.0.6, Spring v7.0.7
2026-05-21T21:32:32.760+05:30  INFO 31964 --- [fridge-manager-api] [restartedMain] c.fridgeapp.FridgeManagerApiApplication  : No active profile set, falling back to 1 default profile: "default"
2026-05-21T21:32:32.834+05:30  INFO 31964 --- [fridge-manager-api] [restartedMain] .e.DevToolsPropertyDefaultsPostProcessor : Devtools property defaults active! Set 'spring.devtools.add-properties' to 'false' to disable
2026-05-21T21:32:32.835+05:30  INFO 31964 --- [fridge-manager-api] [restartedMain] .e.DevToolsPropertyDefaultsPostProcessor : For additional web related logging consider setting the 'logging.level.web' property to 'DEBUG'
2026-05-21T21:32:33.671+05:30  INFO 31964 --- [fridge-manager-api] [restartedMain] .s.d.r.c.RepositoryConfigurationDelegate : Bootstrapping Spring Data JPA repositories in DEFAULT mode.
2026-05-21T21:32:33.724+05:30  INFO 31964 --- [fridge-manager-api] [restartedMain] .s.d.r.c.RepositoryConfigurationDelegate : Finished Spring Data repository scanning in 45 ms. Found 2 JPA repository interfaces.
2026-05-21T21:32:34.379+05:30  INFO 31964 --- [fridge-manager-api] [restartedMain] o.s.boot.tomcat.TomcatWebServer          : Tomcat initialized with port 8090 (http)
2026-05-21T21:32:34.395+05:30  INFO 31964 --- [fridge-manager-api] [restartedMain] o.apache.catalina.core.StandardService   : Starting service [Tomcat]
2026-05-21T21:32:34.396+05:30  INFO 31964 --- [fridge-manager-api] [restartedMain] o.apache.catalina.core.StandardEngine    : Starting Servlet engine: [Apache Tomcat/11.0.21]
2026-05-21T21:32:34.440+05:30  INFO 31964 --- [fridge-manager-api] [restartedMain] b.w.c.s.WebApplicationContextInitializer : Root WebApplicationContext: initialization completed in 1604 ms
2026-05-21T21:32:34.669+05:30  INFO 31964 --- [fridge-manager-api] [restartedMain] org.hibernate.orm.jpa                    : HHH008540: Processing PersistenceUnitInfo [name: default]
2026-05-21T21:32:34.749+05:30  INFO 31964 --- [fridge-manager-api] [restartedMain] org.hibernate.orm.core                   : HHH000001: Hibernate ORM core version 7.2.12.Final
2026-05-21T21:32:35.335+05:30  INFO 31964 --- [fridge-manager-api] [restartedMain] o.s.o.j.p.SpringPersistenceUnitInfo      : No LoadTimeWeaver setup: ignoring JPA class transformer
2026-05-21T21:32:35.373+05:30  INFO 31964 --- [fridge-manager-api] [restartedMain] com.zaxxer.hikari.HikariDataSource       : HikariPool-1 - Starting...
2026-05-21T21:32:35.548+05:30  INFO 31964 --- [fridge-manager-api] [restartedMain] com.zaxxer.hikari.pool.HikariPool        : HikariPool-1 - Added connection org.postgresql.jdbc.PgConnection@2325c9fa
2026-05-21T21:32:35.549+05:30  INFO 31964 --- [fridge-manager-api] [restartedMain] com.zaxxer.hikari.HikariDataSource       : HikariPool-1 - Start completed.
2026-05-21T21:32:35.580+05:30  WARN 31964 --- [fridge-manager-api] [restartedMain] org.hibernate.orm.deprecation            : HHH90000025: PostgreSQLDialect does not need to be specified explicitly using 'hibernate.dialect' (remove the property setting and it will be selected by default)
2026-05-21T21:32:35.604+05:30  INFO 31964 --- [fridge-manager-api] [restartedMain] org.hibernate.orm.connections.pooling    : HHH10001005: Database info:
	Database JDBC URL [jdbc:postgresql://localhost:5432/fridge_manager]
	Database driver: PostgreSQL JDBC Driver
	Database dialect: PostgreSQLDialect
	Database version: 16.1
	Default catalog/schema: fridge_manager/public
	Autocommit mode: undefined/unknown
	Isolation level: READ_COMMITTED [default READ_COMMITTED]
	JDBC fetch size: none
	Pool: DataSourceConnectionProvider
	Minimum pool size: undefined/unknown
	Maximum pool size: undefined/unknown
2026-05-21T21:32:36.573+05:30  INFO 31964 --- [fridge-manager-api] [restartedMain] org.hibernate.orm.core                   : HHH000489: No JTA platform available (set 'hibernate.transaction.jta.platform' to enable JTA platform integration)
2026-05-21T21:32:36.776+05:30  INFO 31964 --- [fridge-manager-api] [restartedMain] j.LocalContainerEntityManagerFactoryBean : Initialized JPA EntityManagerFactory for persistence unit 'default'
2026-05-21T21:32:36.901+05:30  INFO 31964 --- [fridge-manager-api] [restartedMain] o.s.d.j.r.query.QueryEnhancerFactories   : Hibernate is in classpath; If applicable, HQL parser will be used.
2026-05-21T21:32:37.160+05:30  WARN 31964 --- [fridge-manager-api] [restartedMain] JpaBaseConfiguration$JpaWebConfiguration : spring.jpa.open-in-view is enabled by default. Therefore, database queries may be performed during view rendering. Explicitly configure spring.jpa.open-in-view to disable this warning
2026-05-21T21:32:37.245+05:30  WARN 31964 --- [fridge-manager-api] [restartedMain] .s.a.UserDetailsServiceAutoConfiguration : 

Using generated security password: d2a1f669-e466-4cd1-99f5-dca9c8d0a5be

This generated password is for development use only. Your security configuration must be updated before running your application in production.

2026-05-21T21:32:37.256+05:30  INFO 31964 --- [fridge-manager-api] [restartedMain] r$InitializeUserDetailsManagerConfigurer : Global AuthenticationManager configured with UserDetailsService bean with name inMemoryUserDetailsManager
2026-05-21T21:32:37.386+05:30 DEBUG 31964 --- [fridge-manager-api] [restartedMain] o.s.s.web.DefaultSecurityFilterChain     : Will secure any request with filters: DisableEncodeUrlFilter, WebAsyncManagerIntegrationFilter, SecurityContextHolderFilter, HeaderWriterFilter, LogoutFilter, RequestCacheAwareFilter, SecurityContextHolderAwareRequestFilter, AnonymousAuthenticationFilter, ExceptionTranslationFilter, AuthorizationFilter
2026-05-21T21:32:37.516+05:30 DEBUG 31964 --- [fridge-manager-api] [restartedMain] s.w.s.m.m.a.RequestMappingHandlerMapping : 12 mappings in 'requestMappingHandlerMapping'
2026-05-21T21:32:37.545+05:30 DEBUG 31964 --- [fridge-manager-api] [restartedMain] o.s.w.s.handler.SimpleUrlHandlerMapping  : Patterns [/webjars/**, /**] in 'resourceHandlerMapping'
2026-05-21T21:32:37.581+05:30 DEBUG 31964 --- [fridge-manager-api] [restartedMain] s.w.s.m.m.a.RequestMappingHandlerAdapter : ControllerAdvice beans: 0 @ModelAttribute, 0 @InitBinder, 2 RequestBodyAdvice, 1 ResponseBodyAdvice
2026-05-21T21:32:37.627+05:30 DEBUG 31964 --- [fridge-manager-api] [restartedMain] .m.m.a.ExceptionHandlerExceptionResolver : ControllerAdvice beans: 0 @ExceptionHandler, 1 ResponseBodyAdvice
2026-05-21T21:32:37.759+05:30  INFO 31964 --- [fridge-manager-api] [restartedMain] o.s.boot.tomcat.TomcatWebServer          : Tomcat started on port 8090 (http) with context path '/'
2026-05-21T21:32:37.767+05:30  INFO 31964 --- [fridge-manager-api] [restartedMain] c.fridgeapp.FridgeManagerApiApplication  : Started FridgeManagerApiApplication in 5.59 seconds (process running for 6.189)
2026-05-21T21:35:17.962+05:30  INFO 31964 --- [fridge-manager-api] [http-nio-8090-exec-1] o.a.c.c.C.[Tomcat].[localhost].[/]       : Initializing Spring DispatcherServlet 'dispatcherServlet'
2026-05-21T21:35:17.962+05:30  INFO 31964 --- [fridge-manager-api] [http-nio-8090-exec-1] o.s.web.servlet.DispatcherServlet        : Initializing Servlet 'dispatcherServlet'
2026-05-21T21:35:17.963+05:30 DEBUG 31964 --- [fridge-manager-api] [http-nio-8090-exec-1] o.s.web.servlet.DispatcherServlet        : Detected StandardServletMultipartResolver
2026-05-21T21:35:17.963+05:30 DEBUG 31964 --- [fridge-manager-api] [http-nio-8090-exec-1] o.s.web.servlet.DispatcherServlet        : Detected AcceptHeaderLocaleResolver
2026-05-21T21:35:17.966+05:30 DEBUG 31964 --- [fridge-manager-api] [http-nio-8090-exec-1] o.s.web.servlet.DispatcherServlet        : Detected org.springframework.web.servlet.view.DefaultRequestToViewNameTranslator@66c48b5f
2026-05-21T21:35:17.967+05:30 DEBUG 31964 --- [fridge-manager-api] [http-nio-8090-exec-1] o.s.web.servlet.DispatcherServlet        : Detected org.springframework.web.servlet.support.SessionFlashMapManager@8674d3d
2026-05-21T21:35:17.967+05:30 DEBUG 31964 --- [fridge-manager-api] [http-nio-8090-exec-1] o.s.web.servlet.DispatcherServlet        : enableLoggingRequestDetails='false': request parameters and headers will be masked to prevent unsafe logging of potentially sensitive data
2026-05-21T21:35:17.968+05:30  INFO 31964 --- [fridge-manager-api] [http-nio-8090-exec-1] o.s.web.servlet.DispatcherServlet        : Completed initialization in 4 ms
2026-05-21T21:35:17.992+05:30 DEBUG 31964 --- [fridge-manager-api] [http-nio-8090-exec-1] o.s.security.web.FilterChainProxy        : Securing GET /api/users
2026-05-21T21:35:18.003+05:30 DEBUG 31964 --- [fridge-manager-api] [http-nio-8090-exec-1] o.s.security.web.FilterChainProxy        : Secured GET /api/users
2026-05-21T21:35:18.008+05:30 DEBUG 31964 --- [fridge-manager-api] [http-nio-8090-exec-1] o.s.web.servlet.DispatcherServlet        : GET "/api/users", parameters={}
2026-05-21T21:35:18.025+05:30 DEBUG 31964 --- [fridge-manager-api] [http-nio-8090-exec-1] s.w.s.m.m.a.RequestMappingHandlerMapping : Mapped to com.fridgeapp.controller.UserController#getAllUsers()
2026-05-21T21:35:18.385+05:30 DEBUG 31964 --- [fridge-manager-api] [http-nio-8090-exec-1] o.s.w.s.m.m.a.HttpEntityMethodProcessor  : Using 'application/json', given [*/*] and supported [application/json, application/*+json]
2026-05-21T21:35:18.389+05:30 DEBUG 31964 --- [fridge-manager-api] [http-nio-8090-exec-1] o.s.w.s.m.m.a.HttpEntityMethodProcessor  : Writing [[]]
2026-05-21T21:35:18.433+05:30 DEBUG 31964 --- [fridge-manager-api] [http-nio-8090-exec-1] o.s.web.servlet.DispatcherServlet        : Completed 200 OK
2026-05-21T21:35:18.435+05:30 DEBUG 31964 --- [fridge-manager-api] [http-nio-8090-exec-1] o.s.s.w.a.AnonymousAuthenticationFilter  : Set SecurityContextHolder to anonymous SecurityContext
2026-05-21T21:44:51.290+05:30  INFO 13476 --- [fridge-manager-api] [restartedMain] c.fridgeapp.FridgeManagerApiApplication  : Starting FridgeManagerApiApplication using Java 21.0.11 with PID 13476 (D:\Study\Projects\Fridge_Management\fridge-manager-api\build\classes\java\main started by HARSH in D:\Study\Projects\Fridge_Management\fridge-manager-api)
2026-05-21T21:44:51.293+05:30 DEBUG 13476 --- [fridge-manager-api] [restartedMain] c.fridgeapp.FridgeManagerApiApplication  : Running with Spring Boot v4.0.6, Spring v7.0.7
2026-05-21T21:44:51.294+05:30  INFO 13476 --- [fridge-manager-api] [restartedMain] c.fridgeapp.FridgeManagerApiApplication  : No active profile set, falling back to 1 default profile: "default"
2026-05-21T21:44:51.352+05:30  INFO 13476 --- [fridge-manager-api] [restartedMain] .e.DevToolsPropertyDefaultsPostProcessor : Devtools property defaults active! Set 'spring.devtools.add-properties' to 'false' to disable
2026-05-21T21:44:51.353+05:30  INFO 13476 --- [fridge-manager-api] [restartedMain] .e.DevToolsPropertyDefaultsPostProcessor : For additional web related logging consider setting the 'logging.level.web' property to 'DEBUG'
2026-05-21T21:44:52.096+05:30  INFO 13476 --- [fridge-manager-api] [restartedMain] .s.d.r.c.RepositoryConfigurationDelegate : Bootstrapping Spring Data JPA repositories in DEFAULT mode.
2026-05-21T21:44:52.149+05:30  INFO 13476 --- [fridge-manager-api] [restartedMain] .s.d.r.c.RepositoryConfigurationDelegate : Finished Spring Data repository scanning in 44 ms. Found 2 JPA repository interfaces.
2026-05-21T21:44:52.839+05:30  INFO 13476 --- [fridge-manager-api] [restartedMain] o.s.boot.tomcat.TomcatWebServer          : Tomcat initialized with port 8090 (http)
2026-05-21T21:44:52.857+05:30  INFO 13476 --- [fridge-manager-api] [restartedMain] o.apache.catalina.core.StandardService   : Starting service [Tomcat]
2026-05-21T21:44:52.858+05:30  INFO 13476 --- [fridge-manager-api] [restartedMain] o.apache.catalina.core.StandardEngine    : Starting Servlet engine: [Apache Tomcat/11.0.21]
2026-05-21T21:44:52.916+05:30  INFO 13476 --- [fridge-manager-api] [restartedMain] b.w.c.s.WebApplicationContextInitializer : Root WebApplicationContext: initialization completed in 1563 ms
2026-05-21T21:44:53.140+05:30  INFO 13476 --- [fridge-manager-api] [restartedMain] org.hibernate.orm.jpa                    : HHH008540: Processing PersistenceUnitInfo [name: default]
2026-05-21T21:44:53.217+05:30  INFO 13476 --- [fridge-manager-api] [restartedMain] org.hibernate.orm.core                   : HHH000001: Hibernate ORM core version 7.2.12.Final
2026-05-21T21:44:53.798+05:30  INFO 13476 --- [fridge-manager-api] [restartedMain] o.s.o.j.p.SpringPersistenceUnitInfo      : No LoadTimeWeaver setup: ignoring JPA class transformer
2026-05-21T21:44:53.837+05:30  INFO 13476 --- [fridge-manager-api] [restartedMain] com.zaxxer.hikari.HikariDataSource       : HikariPool-1 - Starting...
2026-05-21T21:44:54.079+05:30  INFO 13476 --- [fridge-manager-api] [restartedMain] com.zaxxer.hikari.pool.HikariPool        : HikariPool-1 - Added connection org.postgresql.jdbc.PgConnection@213365a4
2026-05-21T21:44:54.081+05:30  INFO 13476 --- [fridge-manager-api] [restartedMain] com.zaxxer.hikari.HikariDataSource       : HikariPool-1 - Start completed.
2026-05-21T21:44:54.125+05:30  WARN 13476 --- [fridge-manager-api] [restartedMain] org.hibernate.orm.deprecation            : HHH90000025: PostgreSQLDialect does not need to be specified explicitly using 'hibernate.dialect' (remove the property setting and it will be selected by default)
2026-05-21T21:44:54.154+05:30  INFO 13476 --- [fridge-manager-api] [restartedMain] org.hibernate.orm.connections.pooling    : HHH10001005: Database info:
	Database JDBC URL [jdbc:postgresql://localhost:5432/fridge_manager]
	Database driver: PostgreSQL JDBC Driver
	Database dialect: PostgreSQLDialect
	Database version: 16.1
	Default catalog/schema: fridge_manager/public
	Autocommit mode: undefined/unknown
	Isolation level: READ_COMMITTED [default READ_COMMITTED]
	JDBC fetch size: none
	Pool: DataSourceConnectionProvider
	Minimum pool size: undefined/unknown
	Maximum pool size: undefined/unknown
2026-05-21T21:44:55.230+05:30  INFO 13476 --- [fridge-manager-api] [restartedMain] org.hibernate.orm.core                   : HHH000489: No JTA platform available (set 'hibernate.transaction.jta.platform' to enable JTA platform integration)
2026-05-21T21:44:55.293+05:30  INFO 13476 --- [fridge-manager-api] [restartedMain] j.LocalContainerEntityManagerFactoryBean : Initialized JPA EntityManagerFactory for persistence unit 'default'
2026-05-21T21:44:55.377+05:30  INFO 13476 --- [fridge-manager-api] [restartedMain] o.s.d.j.r.query.QueryEnhancerFactories   : Hibernate is in classpath; If applicable, HQL parser will be used.
2026-05-21T21:44:55.703+05:30  WARN 13476 --- [fridge-manager-api] [restartedMain] JpaBaseConfiguration$JpaWebConfiguration : spring.jpa.open-in-view is enabled by default. Therefore, database queries may be performed during view rendering. Explicitly configure spring.jpa.open-in-view to disable this warning
2026-05-21T21:44:55.779+05:30  WARN 13476 --- [fridge-manager-api] [restartedMain] .s.a.UserDetailsServiceAutoConfiguration : 

Using generated security password: 8c83a02b-a947-4590-88c0-57b108281116

This generated password is for development use only. Your security configuration must be updated before running your application in production.

2026-05-21T21:44:55.787+05:30  INFO 13476 --- [fridge-manager-api] [restartedMain] r$InitializeUserDetailsManagerConfigurer : Global AuthenticationManager configured with UserDetailsService bean with name inMemoryUserDetailsManager
2026-05-21T21:44:55.905+05:30 DEBUG 13476 --- [fridge-manager-api] [restartedMain] o.s.s.web.DefaultSecurityFilterChain     : Will secure any request with filters: DisableEncodeUrlFilter, WebAsyncManagerIntegrationFilter, SecurityContextHolderFilter, HeaderWriterFilter, LogoutFilter, RequestCacheAwareFilter, SecurityContextHolderAwareRequestFilter, AnonymousAuthenticationFilter, ExceptionTranslationFilter, AuthorizationFilter
2026-05-21T21:44:56.050+05:30 DEBUG 13476 --- [fridge-manager-api] [restartedMain] s.w.s.m.m.a.RequestMappingHandlerMapping : 12 mappings in 'requestMappingHandlerMapping'
2026-05-21T21:44:56.085+05:30 DEBUG 13476 --- [fridge-manager-api] [restartedMain] o.s.w.s.handler.SimpleUrlHandlerMapping  : Patterns [/webjars/**, /**] in 'resourceHandlerMapping'
2026-05-21T21:44:56.126+05:30 DEBUG 13476 --- [fridge-manager-api] [restartedMain] s.w.s.m.m.a.RequestMappingHandlerAdapter : ControllerAdvice beans: 0 @ModelAttribute, 0 @InitBinder, 2 RequestBodyAdvice, 1 ResponseBodyAdvice
2026-05-21T21:44:56.177+05:30 DEBUG 13476 --- [fridge-manager-api] [restartedMain] .m.m.a.ExceptionHandlerExceptionResolver : ControllerAdvice beans: 0 @ExceptionHandler, 1 ResponseBodyAdvice
2026-05-21T21:44:56.327+05:30  INFO 13476 --- [fridge-manager-api] [restartedMain] o.s.boot.tomcat.TomcatWebServer          : Tomcat started on port 8090 (http) with context path '/'
2026-05-21T21:44:56.334+05:30  INFO 13476 --- [fridge-manager-api] [restartedMain] c.fridgeapp.FridgeManagerApiApplication  : Started FridgeManagerApiApplication in 5.531 seconds (process running for 6.076)
2026-05-21T21:45:26.001+05:30  INFO 13476 --- [fridge-manager-api] [http-nio-8090-exec-2] o.a.c.c.C.[Tomcat].[localhost].[/]       : Initializing Spring DispatcherServlet 'dispatcherServlet'
2026-05-21T21:45:26.002+05:30  INFO 13476 --- [fridge-manager-api] [http-nio-8090-exec-2] o.s.web.servlet.DispatcherServlet        : Initializing Servlet 'dispatcherServlet'
2026-05-21T21:45:26.002+05:30 DEBUG 13476 --- [fridge-manager-api] [http-nio-8090-exec-2] o.s.web.servlet.DispatcherServlet        : Detected StandardServletMultipartResolver
2026-05-21T21:45:26.003+05:30 DEBUG 13476 --- [fridge-manager-api] [http-nio-8090-exec-2] o.s.web.servlet.DispatcherServlet        : Detected AcceptHeaderLocaleResolver
2026-05-21T21:45:26.005+05:30 DEBUG 13476 --- [fridge-manager-api] [http-nio-8090-exec-2] o.s.web.servlet.DispatcherServlet        : Detected org.springframework.web.servlet.view.DefaultRequestToViewNameTranslator@4596273e
2026-05-21T21:45:26.006+05:30 DEBUG 13476 --- [fridge-manager-api] [http-nio-8090-exec-2] o.s.web.servlet.DispatcherServlet        : Detected org.springframework.web.servlet.support.SessionFlashMapManager@1bba5e48
2026-05-21T21:45:26.007+05:30 DEBUG 13476 --- [fridge-manager-api] [http-nio-8090-exec-2] o.s.web.servlet.DispatcherServlet        : enableLoggingRequestDetails='false': request parameters and headers will be masked to prevent unsafe logging of potentially sensitive data
2026-05-21T21:45:26.007+05:30  INFO 13476 --- [fridge-manager-api] [http-nio-8090-exec-2] o.s.web.servlet.DispatcherServlet        : Completed initialization in 5 ms
2026-05-21T21:45:26.022+05:30 DEBUG 13476 --- [fridge-manager-api] [http-nio-8090-exec-2] o.s.security.web.FilterChainProxy        : Securing POST /api/users
2026-05-21T21:45:26.035+05:30 DEBUG 13476 --- [fridge-manager-api] [http-nio-8090-exec-2] o.s.security.web.FilterChainProxy        : Secured POST /api/users
2026-05-21T21:45:26.040+05:30 DEBUG 13476 --- [fridge-manager-api] [http-nio-8090-exec-2] o.s.web.servlet.DispatcherServlet        : POST "/api/users", parameters={}
2026-05-21T21:45:26.055+05:30 DEBUG 13476 --- [fridge-manager-api] [http-nio-8090-exec-2] s.w.s.m.m.a.RequestMappingHandlerMapping : Mapped to com.fridgeapp.controller.UserController#createUser(String, String, String)
2026-05-21T21:45:26.093+05:30 DEBUG 13476 --- [fridge-manager-api] [http-nio-8090-exec-2] m.m.a.RequestResponseBodyMethodProcessor : Read "application/json;charset=UTF-8" to ["{<EOL><EOL>  "email": "jane.smith@example.com",<EOL><EOL>  "username": "janesmith",<EOL><EOL>  "password": "password_456"<EOL><EOL>} (truncated)..."]
2026-05-21T21:45:26.107+05:30 DEBUG 13476 --- [fridge-manager-api] [http-nio-8090-exec-2] m.m.a.RequestResponseBodyMethodProcessor : Read "application/json;charset=UTF-8" to []
2026-05-21T21:45:26.114+05:30  WARN 13476 --- [fridge-manager-api] [http-nio-8090-exec-2] .w.s.m.s.DefaultHandlerExceptionResolver : Resolved [org.springframework.http.converter.HttpMessageNotReadableException: Required request body is missing: public org.springframework.http.ResponseEntity<com.fridgeapp.entity.User> com.fridgeapp.controller.UserController.createUser(java.lang.String,java.lang.String,java.lang.String)]
2026-05-21T21:45:26.116+05:30 DEBUG 13476 --- [fridge-manager-api] [http-nio-8090-exec-2] o.s.web.servlet.DispatcherServlet        : Completed 400 BAD_REQUEST
2026-05-21T21:45:26.118+05:30 DEBUG 13476 --- [fridge-manager-api] [http-nio-8090-exec-2] o.s.s.w.a.AnonymousAuthenticationFilter  : Set SecurityContextHolder to anonymous SecurityContext
2026-05-21T21:45:26.126+05:30 DEBUG 13476 --- [fridge-manager-api] [http-nio-8090-exec-2] o.s.security.web.FilterChainProxy        : Securing GET /error
2026-05-21T21:45:26.127+05:30 DEBUG 13476 --- [fridge-manager-api] [http-nio-8090-exec-2] o.s.security.web.FilterChainProxy        : Secured GET /error
2026-05-21T21:45:26.128+05:30 DEBUG 13476 --- [fridge-manager-api] [http-nio-8090-exec-2] o.s.web.servlet.DispatcherServlet        : "ERROR" dispatch for GET "/error", parameters={}
2026-05-21T21:45:26.130+05:30 DEBUG 13476 --- [fridge-manager-api] [http-nio-8090-exec-2] s.w.s.m.m.a.RequestMappingHandlerMapping : Mapped to org.springframework.boot.webmvc.autoconfigure.error.BasicErrorController#error(HttpServletRequest)
2026-05-21T21:45:26.142+05:30 DEBUG 13476 --- [fridge-manager-api] [http-nio-8090-exec-2] o.s.w.s.m.m.a.HttpEntityMethodProcessor  : Using 'application/json', given [*/*] and supported [application/json, application/*+json]
2026-05-21T21:45:26.144+05:30 DEBUG 13476 --- [fridge-manager-api] [http-nio-8090-exec-2] o.s.w.s.m.m.a.HttpEntityMethodProcessor  : Writing [{timestamp=Thu May 21 21:45:26 IST 2026, status=400, error=Bad Request, trace=org.springframework.ht (truncated)...]
2026-05-21T21:45:26.194+05:30 DEBUG 13476 --- [fridge-manager-api] [http-nio-8090-exec-2] o.s.web.servlet.DispatcherServlet        : Exiting from "ERROR" dispatch, status 400
2026-05-21T21:45:26.195+05:30 DEBUG 13476 --- [fridge-manager-api] [http-nio-8090-exec-2] o.s.s.w.a.AnonymousAuthenticationFilter  : Set SecurityContextHolder to anonymous SecurityContext
2026-05-21T21:51:45.445+05:30  INFO 15008 --- [fridge-manager-api] [restartedMain] c.fridgeapp.FridgeManagerApiApplication  : Starting FridgeManagerApiApplication using Java 21.0.11 with PID 15008 (D:\Study\Projects\Fridge_Management\fridge-manager-api\build\classes\java\main started by HARSH in D:\Study\Projects\Fridge_Management\fridge-manager-api)
2026-05-21T21:51:45.449+05:30 DEBUG 15008 --- [fridge-manager-api] [restartedMain] c.fridgeapp.FridgeManagerApiApplication  : Running with Spring Boot v4.0.6, Spring v7.0.7
2026-05-21T21:51:45.450+05:30  INFO 15008 --- [fridge-manager-api] [restartedMain] c.fridgeapp.FridgeManagerApiApplication  : No active profile set, falling back to 1 default profile: "default"
2026-05-21T21:51:45.521+05:30  INFO 15008 --- [fridge-manager-api] [restartedMain] .e.DevToolsPropertyDefaultsPostProcessor : Devtools property defaults active! Set 'spring.devtools.add-properties' to 'false' to disable
2026-05-21T21:51:45.521+05:30  INFO 15008 --- [fridge-manager-api] [restartedMain] .e.DevToolsPropertyDefaultsPostProcessor : For additional web related logging consider setting the 'logging.level.web' property to 'DEBUG'
2026-05-21T21:51:46.258+05:30  INFO 15008 --- [fridge-manager-api] [restartedMain] .s.d.r.c.RepositoryConfigurationDelegate : Bootstrapping Spring Data JPA repositories in DEFAULT mode.
2026-05-21T21:51:46.316+05:30  INFO 15008 --- [fridge-manager-api] [restartedMain] .s.d.r.c.RepositoryConfigurationDelegate : Finished Spring Data repository scanning in 46 ms. Found 2 JPA repository interfaces.
2026-05-21T21:51:46.996+05:30  INFO 15008 --- [fridge-manager-api] [restartedMain] o.s.boot.tomcat.TomcatWebServer          : Tomcat initialized with port 8090 (http)
2026-05-21T21:51:47.014+05:30  INFO 15008 --- [fridge-manager-api] [restartedMain] o.apache.catalina.core.StandardService   : Starting service [Tomcat]
2026-05-21T21:51:47.015+05:30  INFO 15008 --- [fridge-manager-api] [restartedMain] o.apache.catalina.core.StandardEngine    : Starting Servlet engine: [Apache Tomcat/11.0.21]
2026-05-21T21:51:47.064+05:30  INFO 15008 --- [fridge-manager-api] [restartedMain] b.w.c.s.WebApplicationContextInitializer : Root WebApplicationContext: initialization completed in 1542 ms
2026-05-21T21:51:47.311+05:30  INFO 15008 --- [fridge-manager-api] [restartedMain] org.hibernate.orm.jpa                    : HHH008540: Processing PersistenceUnitInfo [name: default]
2026-05-21T21:51:47.363+05:30  INFO 15008 --- [fridge-manager-api] [restartedMain] org.hibernate.orm.core                   : HHH000001: Hibernate ORM core version 7.2.12.Final
2026-05-21T21:51:47.863+05:30  INFO 15008 --- [fridge-manager-api] [restartedMain] o.s.o.j.p.SpringPersistenceUnitInfo      : No LoadTimeWeaver setup: ignoring JPA class transformer
2026-05-21T21:51:47.895+05:30  INFO 15008 --- [fridge-manager-api] [restartedMain] com.zaxxer.hikari.HikariDataSource       : HikariPool-1 - Starting...
2026-05-21T21:51:48.076+05:30  INFO 15008 --- [fridge-manager-api] [restartedMain] com.zaxxer.hikari.pool.HikariPool        : HikariPool-1 - Added connection org.postgresql.jdbc.PgConnection@2d972186
2026-05-21T21:51:48.077+05:30  INFO 15008 --- [fridge-manager-api] [restartedMain] com.zaxxer.hikari.HikariDataSource       : HikariPool-1 - Start completed.
2026-05-21T21:51:48.108+05:30  WARN 15008 --- [fridge-manager-api] [restartedMain] org.hibernate.orm.deprecation            : HHH90000025: PostgreSQLDialect does not need to be specified explicitly using 'hibernate.dialect' (remove the property setting and it will be selected by default)
2026-05-21T21:51:48.133+05:30  INFO 15008 --- [fridge-manager-api] [restartedMain] org.hibernate.orm.connections.pooling    : HHH10001005: Database info:
	Database JDBC URL [jdbc:postgresql://localhost:5432/fridge_manager]
	Database driver: PostgreSQL JDBC Driver
	Database dialect: PostgreSQLDialect
	Database version: 16.1
	Default catalog/schema: fridge_manager/public
	Autocommit mode: undefined/unknown
	Isolation level: READ_COMMITTED [default READ_COMMITTED]
	JDBC fetch size: none
	Pool: DataSourceConnectionProvider
	Minimum pool size: undefined/unknown
	Maximum pool size: undefined/unknown
2026-05-21T21:51:49.105+05:30  INFO 15008 --- [fridge-manager-api] [restartedMain] org.hibernate.orm.core                   : HHH000489: No JTA platform available (set 'hibernate.transaction.jta.platform' to enable JTA platform integration)
2026-05-21T21:51:49.153+05:30  INFO 15008 --- [fridge-manager-api] [restartedMain] j.LocalContainerEntityManagerFactoryBean : Initialized JPA EntityManagerFactory for persistence unit 'default'
2026-05-21T21:51:49.225+05:30  INFO 15008 --- [fridge-manager-api] [restartedMain] o.s.d.j.r.query.QueryEnhancerFactories   : Hibernate is in classpath; If applicable, HQL parser will be used.
2026-05-21T21:51:49.458+05:30  WARN 15008 --- [fridge-manager-api] [restartedMain] JpaBaseConfiguration$JpaWebConfiguration : spring.jpa.open-in-view is enabled by default. Therefore, database queries may be performed during view rendering. Explicitly configure spring.jpa.open-in-view to disable this warning
2026-05-21T21:51:49.533+05:30  WARN 15008 --- [fridge-manager-api] [restartedMain] .s.a.UserDetailsServiceAutoConfiguration : 

Using generated security password: 26632103-f65f-4ad8-b72f-a3a1a56b8013

This generated password is for development use only. Your security configuration must be updated before running your application in production.

2026-05-21T21:51:49.541+05:30  INFO 15008 --- [fridge-manager-api] [restartedMain] r$InitializeUserDetailsManagerConfigurer : Global AuthenticationManager configured with UserDetailsService bean with name inMemoryUserDetailsManager
2026-05-21T21:51:49.654+05:30 DEBUG 15008 --- [fridge-manager-api] [restartedMain] o.s.s.web.DefaultSecurityFilterChain     : Will secure any request with filters: DisableEncodeUrlFilter, WebAsyncManagerIntegrationFilter, SecurityContextHolderFilter, HeaderWriterFilter, LogoutFilter, RequestCacheAwareFilter, SecurityContextHolderAwareRequestFilter, AnonymousAuthenticationFilter, ExceptionTranslationFilter, AuthorizationFilter
2026-05-21T21:51:49.776+05:30 DEBUG 15008 --- [fridge-manager-api] [restartedMain] s.w.s.m.m.a.RequestMappingHandlerMapping : 12 mappings in 'requestMappingHandlerMapping'
2026-05-21T21:51:49.806+05:30 DEBUG 15008 --- [fridge-manager-api] [restartedMain] o.s.w.s.handler.SimpleUrlHandlerMapping  : Patterns [/webjars/**, /**] in 'resourceHandlerMapping'
2026-05-21T21:51:49.839+05:30 DEBUG 15008 --- [fridge-manager-api] [restartedMain] s.w.s.m.m.a.RequestMappingHandlerAdapter : ControllerAdvice beans: 0 @ModelAttribute, 0 @InitBinder, 2 RequestBodyAdvice, 1 ResponseBodyAdvice
2026-05-21T21:51:49.889+05:30 DEBUG 15008 --- [fridge-manager-api] [restartedMain] .m.m.a.ExceptionHandlerExceptionResolver : ControllerAdvice beans: 0 @ExceptionHandler, 1 ResponseBodyAdvice
2026-05-21T21:51:50.037+05:30  INFO 15008 --- [fridge-manager-api] [restartedMain] o.s.boot.tomcat.TomcatWebServer          : Tomcat started on port 8090 (http) with context path '/'
2026-05-21T21:51:50.045+05:30  INFO 15008 --- [fridge-manager-api] [restartedMain] c.fridgeapp.FridgeManagerApiApplication  : Started FridgeManagerApiApplication in 5.1 seconds (process running for 5.605)
2026-05-21T21:51:52.723+05:30  INFO 15008 --- [fridge-manager-api] [http-nio-8090-exec-1] o.a.c.c.C.[Tomcat].[localhost].[/]       : Initializing Spring DispatcherServlet 'dispatcherServlet'
2026-05-21T21:51:52.724+05:30  INFO 15008 --- [fridge-manager-api] [http-nio-8090-exec-1] o.s.web.servlet.DispatcherServlet        : Initializing Servlet 'dispatcherServlet'
2026-05-21T21:51:52.724+05:30 DEBUG 15008 --- [fridge-manager-api] [http-nio-8090-exec-1] o.s.web.servlet.DispatcherServlet        : Detected StandardServletMultipartResolver
2026-05-21T21:51:52.724+05:30 DEBUG 15008 --- [fridge-manager-api] [http-nio-8090-exec-1] o.s.web.servlet.DispatcherServlet        : Detected AcceptHeaderLocaleResolver
2026-05-21T21:51:52.726+05:30 DEBUG 15008 --- [fridge-manager-api] [http-nio-8090-exec-1] o.s.web.servlet.DispatcherServlet        : Detected org.springframework.web.servlet.view.DefaultRequestToViewNameTranslator@38b1c01b
2026-05-21T21:51:52.727+05:30 DEBUG 15008 --- [fridge-manager-api] [http-nio-8090-exec-1] o.s.web.servlet.DispatcherServlet        : Detected org.springframework.web.servlet.support.SessionFlashMapManager@77be3926
2026-05-21T21:51:52.728+05:30 DEBUG 15008 --- [fridge-manager-api] [http-nio-8090-exec-1] o.s.web.servlet.DispatcherServlet        : enableLoggingRequestDetails='false': request parameters and headers will be masked to prevent unsafe logging of potentially sensitive data
2026-05-21T21:51:52.728+05:30  INFO 15008 --- [fridge-manager-api] [http-nio-8090-exec-1] o.s.web.servlet.DispatcherServlet        : Completed initialization in 4 ms
2026-05-21T21:51:52.747+05:30 DEBUG 15008 --- [fridge-manager-api] [http-nio-8090-exec-1] o.s.security.web.FilterChainProxy        : Securing POST /api/users
2026-05-21T21:51:52.765+05:30 DEBUG 15008 --- [fridge-manager-api] [http-nio-8090-exec-1] o.s.security.web.FilterChainProxy        : Secured POST /api/users
2026-05-21T21:51:52.769+05:30 DEBUG 15008 --- [fridge-manager-api] [http-nio-8090-exec-1] o.s.web.servlet.DispatcherServlet        : POST "/api/users", parameters={}
2026-05-21T21:51:52.779+05:30 DEBUG 15008 --- [fridge-manager-api] [http-nio-8090-exec-1] s.w.s.m.m.a.RequestMappingHandlerMapping : Mapped to com.fridgeapp.controller.UserController#createUser(UserCreateRequest)
2026-05-21T21:51:52.910+05:30 DEBUG 15008 --- [fridge-manager-api] [http-nio-8090-exec-1] m.m.a.RequestResponseBodyMethodProcessor : Read "application/json;charset=UTF-8" to [com.fridgeapp.dto.UserCreateRequest@4c2eaa6]
2026-05-21T21:51:53.112+05:30 DEBUG 15008 --- [fridge-manager-api] [http-nio-8090-exec-1] o.s.w.s.m.m.a.HttpEntityMethodProcessor  : Using 'application/json', given [*/*] and supported [application/json, application/*+json]
2026-05-21T21:51:53.114+05:30 DEBUG 15008 --- [fridge-manager-api] [http-nio-8090-exec-1] o.s.w.s.m.m.a.HttpEntityMethodProcessor  : Writing [com.fridgeapp.entity.User@1ccd15d1]
2026-05-21T21:51:53.149+05:30 DEBUG 15008 --- [fridge-manager-api] [http-nio-8090-exec-1] o.s.web.servlet.DispatcherServlet        : Completed 201 CREATED
2026-05-21T21:51:53.150+05:30 DEBUG 15008 --- [fridge-manager-api] [http-nio-8090-exec-1] o.s.s.w.a.AnonymousAuthenticationFilter  : Set SecurityContextHolder to anonymous SecurityContext
2026-05-21T21:54:20.187+05:30  INFO 3040 --- [fridge-manager-api] [restartedMain] c.fridgeapp.FridgeManagerApiApplication  : Starting FridgeManagerApiApplication using Java 21.0.11 with PID 3040 (D:\Study\Projects\Fridge_Management\fridge-manager-api\build\classes\java\main started by HARSH in D:\Study\Projects\Fridge_Management\fridge-manager-api)
2026-05-21T21:54:20.191+05:30 DEBUG 3040 --- [fridge-manager-api] [restartedMain] c.fridgeapp.FridgeManagerApiApplication  : Running with Spring Boot v4.0.6, Spring v7.0.7
2026-05-21T21:54:20.192+05:30  INFO 3040 --- [fridge-manager-api] [restartedMain] c.fridgeapp.FridgeManagerApiApplication  : No active profile set, falling back to 1 default profile: "default"
2026-05-21T21:54:20.263+05:30  INFO 3040 --- [fridge-manager-api] [restartedMain] .e.DevToolsPropertyDefaultsPostProcessor : Devtools property defaults active! Set 'spring.devtools.add-properties' to 'false' to disable
2026-05-21T21:54:20.263+05:30  INFO 3040 --- [fridge-manager-api] [restartedMain] .e.DevToolsPropertyDefaultsPostProcessor : For additional web related logging consider setting the 'logging.level.web' property to 'DEBUG'
2026-05-21T21:54:21.049+05:30  INFO 3040 --- [fridge-manager-api] [restartedMain] .s.d.r.c.RepositoryConfigurationDelegate : Bootstrapping Spring Data JPA repositories in DEFAULT mode.
2026-05-21T21:54:21.111+05:30  INFO 3040 --- [fridge-manager-api] [restartedMain] .s.d.r.c.RepositoryConfigurationDelegate : Finished Spring Data repository scanning in 53 ms. Found 2 JPA repository interfaces.
2026-05-21T21:54:21.745+05:30  INFO 3040 --- [fridge-manager-api] [restartedMain] o.s.boot.tomcat.TomcatWebServer          : Tomcat initialized with port 8090 (http)
2026-05-21T21:54:21.764+05:30  INFO 3040 --- [fridge-manager-api] [restartedMain] o.apache.catalina.core.StandardService   : Starting service [Tomcat]
2026-05-21T21:54:21.764+05:30  INFO 3040 --- [fridge-manager-api] [restartedMain] o.apache.catalina.core.StandardEngine    : Starting Servlet engine: [Apache Tomcat/11.0.21]
2026-05-21T21:54:21.813+05:30  INFO 3040 --- [fridge-manager-api] [restartedMain] b.w.c.s.WebApplicationContextInitializer : Root WebApplicationContext: initialization completed in 1549 ms
2026-05-21T21:54:22.027+05:30  INFO 3040 --- [fridge-manager-api] [restartedMain] org.hibernate.orm.jpa                    : HHH008540: Processing PersistenceUnitInfo [name: default]
2026-05-21T21:54:22.087+05:30  INFO 3040 --- [fridge-manager-api] [restartedMain] org.hibernate.orm.core                   : HHH000001: Hibernate ORM core version 7.2.12.Final
2026-05-21T21:54:22.607+05:30  INFO 3040 --- [fridge-manager-api] [restartedMain] o.s.o.j.p.SpringPersistenceUnitInfo      : No LoadTimeWeaver setup: ignoring JPA class transformer
2026-05-21T21:54:22.635+05:30  INFO 3040 --- [fridge-manager-api] [restartedMain] com.zaxxer.hikari.HikariDataSource       : HikariPool-1 - Starting...
2026-05-21T21:54:22.816+05:30  INFO 3040 --- [fridge-manager-api] [restartedMain] com.zaxxer.hikari.pool.HikariPool        : HikariPool-1 - Added connection org.postgresql.jdbc.PgConnection@7bc405db
2026-05-21T21:54:22.818+05:30  INFO 3040 --- [fridge-manager-api] [restartedMain] com.zaxxer.hikari.HikariDataSource       : HikariPool-1 - Start completed.
2026-05-21T21:54:22.847+05:30  WARN 3040 --- [fridge-manager-api] [restartedMain] org.hibernate.orm.deprecation            : HHH90000025: PostgreSQLDialect does not need to be specified explicitly using 'hibernate.dialect' (remove the property setting and it will be selected by default)
2026-05-21T21:54:22.894+05:30  INFO 3040 --- [fridge-manager-api] [restartedMain] org.hibernate.orm.connections.pooling    : HHH10001005: Database info:
	Database JDBC URL [jdbc:postgresql://localhost:5432/fridge_manager]
	Database driver: PostgreSQL JDBC Driver
	Database dialect: PostgreSQLDialect
	Database version: 16.1
	Default catalog/schema: fridge_manager/public
	Autocommit mode: undefined/unknown
	Isolation level: READ_COMMITTED [default READ_COMMITTED]
	JDBC fetch size: none
	Pool: DataSourceConnectionProvider
	Minimum pool size: undefined/unknown
	Maximum pool size: undefined/unknown
2026-05-21T21:54:24.127+05:30  INFO 3040 --- [fridge-manager-api] [restartedMain] org.hibernate.orm.core                   : HHH000489: No JTA platform available (set 'hibernate.transaction.jta.platform' to enable JTA platform integration)
2026-05-21T21:54:24.175+05:30  INFO 3040 --- [fridge-manager-api] [restartedMain] j.LocalContainerEntityManagerFactoryBean : Initialized JPA EntityManagerFactory for persistence unit 'default'
2026-05-21T21:54:24.256+05:30  INFO 3040 --- [fridge-manager-api] [restartedMain] o.s.d.j.r.query.QueryEnhancerFactories   : Hibernate is in classpath; If applicable, HQL parser will be used.
2026-05-21T21:54:24.545+05:30  WARN 3040 --- [fridge-manager-api] [restartedMain] JpaBaseConfiguration$JpaWebConfiguration : spring.jpa.open-in-view is enabled by default. Therefore, database queries may be performed during view rendering. Explicitly configure spring.jpa.open-in-view to disable this warning
2026-05-21T21:54:24.648+05:30  WARN 3040 --- [fridge-manager-api] [restartedMain] .s.a.UserDetailsServiceAutoConfiguration : 

Using generated security password: 9e081b3c-0ffe-4126-9f42-8e0811e4cf74

This generated password is for development use only. Your security configuration must be updated before running your application in production.

2026-05-21T21:54:24.657+05:30  INFO 3040 --- [fridge-manager-api] [restartedMain] r$InitializeUserDetailsManagerConfigurer : Global AuthenticationManager configured with UserDetailsService bean with name inMemoryUserDetailsManager
2026-05-21T21:54:24.818+05:30 DEBUG 3040 --- [fridge-manager-api] [restartedMain] o.s.s.web.DefaultSecurityFilterChain     : Will secure any request with filters: DisableEncodeUrlFilter, WebAsyncManagerIntegrationFilter, SecurityContextHolderFilter, HeaderWriterFilter, LogoutFilter, RequestCacheAwareFilter, SecurityContextHolderAwareRequestFilter, AnonymousAuthenticationFilter, ExceptionTranslationFilter, AuthorizationFilter
2026-05-21T21:54:24.977+05:30 DEBUG 3040 --- [fridge-manager-api] [restartedMain] s.w.s.m.m.a.RequestMappingHandlerMapping : 12 mappings in 'requestMappingHandlerMapping'
2026-05-21T21:54:25.019+05:30 DEBUG 3040 --- [fridge-manager-api] [restartedMain] o.s.w.s.handler.SimpleUrlHandlerMapping  : Patterns [/webjars/**, /**] in 'resourceHandlerMapping'
2026-05-21T21:54:25.070+05:30 DEBUG 3040 --- [fridge-manager-api] [restartedMain] s.w.s.m.m.a.RequestMappingHandlerAdapter : ControllerAdvice beans: 0 @ModelAttribute, 0 @InitBinder, 2 RequestBodyAdvice, 1 ResponseBodyAdvice
2026-05-21T21:54:25.140+05:30 DEBUG 3040 --- [fridge-manager-api] [restartedMain] .m.m.a.ExceptionHandlerExceptionResolver : ControllerAdvice beans: 0 @ExceptionHandler, 1 ResponseBodyAdvice
2026-05-21T21:54:25.334+05:30  INFO 3040 --- [fridge-manager-api] [restartedMain] o.s.boot.tomcat.TomcatWebServer          : Tomcat started on port 8090 (http) with context path '/'
2026-05-21T21:54:25.341+05:30  INFO 3040 --- [fridge-manager-api] [restartedMain] c.fridgeapp.FridgeManagerApiApplication  : Started FridgeManagerApiApplication in 5.732 seconds (process running for 6.292)
2026-05-21T21:54:41.653+05:30  INFO 3040 --- [fridge-manager-api] [http-nio-8090-exec-2] o.a.c.c.C.[Tomcat].[localhost].[/]       : Initializing Spring DispatcherServlet 'dispatcherServlet'
2026-05-21T21:54:41.653+05:30  INFO 3040 --- [fridge-manager-api] [http-nio-8090-exec-2] o.s.web.servlet.DispatcherServlet        : Initializing Servlet 'dispatcherServlet'
2026-05-21T21:54:41.653+05:30 DEBUG 3040 --- [fridge-manager-api] [http-nio-8090-exec-2] o.s.web.servlet.DispatcherServlet        : Detected StandardServletMultipartResolver
2026-05-21T21:54:41.654+05:30 DEBUG 3040 --- [fridge-manager-api] [http-nio-8090-exec-2] o.s.web.servlet.DispatcherServlet        : Detected AcceptHeaderLocaleResolver
2026-05-21T21:54:41.657+05:30 DEBUG 3040 --- [fridge-manager-api] [http-nio-8090-exec-2] o.s.web.servlet.DispatcherServlet        : Detected org.springframework.web.servlet.view.DefaultRequestToViewNameTranslator@3530682b
2026-05-21T21:54:41.659+05:30 DEBUG 3040 --- [fridge-manager-api] [http-nio-8090-exec-2] o.s.web.servlet.DispatcherServlet        : Detected org.springframework.web.servlet.support.SessionFlashMapManager@336233f2
2026-05-21T21:54:41.659+05:30 DEBUG 3040 --- [fridge-manager-api] [http-nio-8090-exec-2] o.s.web.servlet.DispatcherServlet        : enableLoggingRequestDetails='false': request parameters and headers will be masked to prevent unsafe logging of potentially sensitive data
2026-05-21T21:54:41.659+05:30  INFO 3040 --- [fridge-manager-api] [http-nio-8090-exec-2] o.s.web.servlet.DispatcherServlet        : Completed initialization in 6 ms
2026-05-21T21:54:41.677+05:30 DEBUG 3040 --- [fridge-manager-api] [http-nio-8090-exec-2] o.s.security.web.FilterChainProxy        : Securing POST /api/users
2026-05-21T21:54:41.691+05:30 DEBUG 3040 --- [fridge-manager-api] [http-nio-8090-exec-2] o.s.security.web.FilterChainProxy        : Secured POST /api/users
2026-05-21T21:54:41.693+05:30 DEBUG 3040 --- [fridge-manager-api] [http-nio-8090-exec-2] o.s.web.servlet.DispatcherServlet        : POST "/api/users", parameters={}
2026-05-21T21:54:41.705+05:30 DEBUG 3040 --- [fridge-manager-api] [http-nio-8090-exec-2] s.w.s.m.m.a.RequestMappingHandlerMapping : Mapped to com.fridgeapp.controller.UserController#createUser(UserCreateRequest)
2026-05-21T21:54:41.829+05:30 DEBUG 3040 --- [fridge-manager-api] [http-nio-8090-exec-2] m.m.a.RequestResponseBodyMethodProcessor : Read "application/json;charset=UTF-8" to [com.fridgeapp.dto.UserCreateRequest@493e134e]
2026-05-21T21:54:42.060+05:30 DEBUG 3040 --- [fridge-manager-api] [http-nio-8090-exec-2] o.s.w.s.m.m.a.HttpEntityMethodProcessor  : Using 'application/json', given [*/*] and supported [application/json, application/*+json]
2026-05-21T21:54:42.060+05:30 DEBUG 3040 --- [fridge-manager-api] [http-nio-8090-exec-2] o.s.w.s.m.m.a.HttpEntityMethodProcessor  : Writing [com.fridgeapp.entity.User@128f3e10]
2026-05-21T21:54:42.094+05:30 DEBUG 3040 --- [fridge-manager-api] [http-nio-8090-exec-2] o.s.web.servlet.DispatcherServlet        : Completed 201 CREATED
2026-05-21T21:54:42.096+05:30 DEBUG 3040 --- [fridge-manager-api] [http-nio-8090-exec-2] o.s.s.w.a.AnonymousAuthenticationFilter  : Set SecurityContextHolder to anonymous SecurityContext
